<?xml version="1.0" encoding="UTF-8"?>
<!-- Generated by org.testng.reporters.JUnitXMLReporter -->
<testsuite ignored="4" hostname="TYSS-Tanuja-N-Sonawale" failures="0" tests="2" name="Test" time="30.868" errors="0" timestamp="2024-08-09T10:30:27 IST">
  <testcase classname="baseUtility.BaseTest" name="@AfterMethod itsAfterMethod" time="4.78">
    <failure type="org.openqa.selenium.StaleElementReferenceException" message="stale element reference: stale element not found
  (Session info: chrome=127.0.6533.99)
For documentation on this error, please visit: https://www.selenium.dev/documentation/webdriver/troubleshooting/errors#stale-element-reference-exception
Build info: version: &amp;apos;4.18.1&amp;apos;, revision: &amp;apos;b1d3319b48&amp;apos;
System info: os.name: &amp;apos;Windows 11&amp;apos;, os.arch: &amp;apos;amd64&amp;apos;, os.version: &amp;apos;10.0&amp;apos;, java.version: &amp;apos;22.0.1&amp;apos;
Driver info: org.openqa.selenium.chrome.ChromeDriver
Command: [89e8a21856a965edc929218c83d87025, clickElement {id=f.881938499900E789F88E4F32806958B1.d.967425474045ACDFFEF2B546AD995D7C.e.242}]
Capabilities {acceptInsecureCerts: false, browserName: chrome, browserVersion: 127.0.6533.99, chrome: {chromedriverVersion: 127.0.6533.99 (f31af5097d90..., userDataDir: C:\Users\User\AppData\Local...}, fedcm:accounts: true, goog:chromeOptions: {debuggerAddress: localhost:59307}, networkConnectionEnabled: false, pageLoadStrategy: normal, platformName: windows, proxy: Proxy(), se:cdp: ws://localhost:59307/devtoo..., se:cdpVersion: 127.0.6533.99, setWindowRect: true, strictFileInteractability: false, timeouts: {implicit: 0, pageLoad: 300000, script: 30000}, unhandledPromptBehavior: dismiss and notify, webauthn:extension:credBlob: true, webauthn:extension:largeBlob: true, webauthn:extension:minPinLength: true, webauthn:extension:prf: true, webauthn:virtualAuthenticators: true}
Element: [[ChromeDriver: chrome on windows (89e8a21856a965edc929218c83d87025)] -&amp;gt; xpath: //img[@src=&amp;apos;themes/softed/images/user.PNG&amp;apos;]]
Session ID: 89e8a21856a965edc929218c83d87025">
      <![CDATA[org.openqa.selenium.StaleElementReferenceException: stale element reference: stale element not found
  (Session info: chrome=127.0.6533.99)
For documentation on this error, please visit: https://www.selenium.dev/documentation/webdriver/troubleshooting/errors#stale-element-reference-exception
Build info: version: '4.18.1', revision: 'b1d3319b48'
System info: os.name: 'Windows 11', os.arch: 'amd64', os.version: '10.0', java.version: '22.0.1'
Driver info: org.openqa.selenium.chrome.ChromeDriver
Command: [89e8a21856a965edc929218c83d87025, clickElement {id=f.881938499900E789F88E4F32806958B1.d.967425474045ACDFFEF2B546AD995D7C.e.242}]
Capabilities {acceptInsecureCerts: false, browserName: chrome, browserVersion: 127.0.6533.99, chrome: {chromedriverVersion: 127.0.6533.99 (f31af5097d90..., userDataDir: C:\Users\User\AppData\Local...}, fedcm:accounts: true, goog:chromeOptions: {debuggerAddress: localhost:59307}, networkConnectionEnabled: false, pageLoadStrategy: normal, platformName: windows, proxy: Proxy(), se:cdp: ws://localhost:59307/devtoo..., se:cdpVersion: 127.0.6533.99, setWindowRect: true, strictFileInteractability: false, timeouts: {implicit: 0, pageLoad: 300000, script: 30000}, unhandledPromptBehavior: dismiss and notify, webauthn:extension:credBlob: true, webauthn:extension:largeBlob: true, webauthn:extension:minPinLength: true, webauthn:extension:prf: true, webauthn:virtualAuthenticators: true}
Element: [[ChromeDriver: chrome on windows (89e8a21856a965edc929218c83d87025)] -> xpath: //img[@src='themes/softed/images/user.PNG']]
Session ID: 89e8a21856a965edc929218c83d87025
at org.openqa.selenium.remote.ErrorCodec.decode(ErrorCodec.java:167)
at org.openqa.selenium.remote.codec.w3c.W3CHttpResponseCodec.decode(W3CHttpResponseCodec.java:138)
at org.openqa.selenium.remote.codec.w3c.W3CHttpResponseCodec.decode(W3CHttpResponseCodec.java:50)
at org.openqa.selenium.remote.HttpCommandExecutor.execute(HttpCommandExecutor.java:190)
at org.openqa.selenium.remote.service.DriverCommandExecutor.invokeExecute(DriverCommandExecutor.java:216)
at org.openqa.selenium.remote.service.DriverCommandExecutor.execute(DriverCommandExecutor.java:174)
at org.openqa.selenium.remote.RemoteWebDriver.execute(RemoteWebDriver.java:519)
at org.openqa.selenium.remote.RemoteWebElement.execute(RemoteWebElement.java:223)
at org.openqa.selenium.remote.RemoteWebElement.click(RemoteWebElement.java:76)
at baseUtility.BaseTest.itsAfterMethod(BaseTest.java:66)
at java.base/java.util.ArrayList.forEach(ArrayList.java:1597)
... Removed 33 stack frames]]>
    </failure>
  </testcase> <!-- @AfterMethod itsAfterMethod -->
  <testcase classname="baseUtility.BaseTest" name="@AfterClass itsAfterClass" time="-1.723179627869E9">
    <skipped/>
  </testcase> <!-- @AfterClass itsAfterClass -->
  <testcase classname="testCases.SimpleTestCase_Test" name="show_Test" time="0.022"/>
  <testcase classname="testCases.TC01_CreateOrganization_Test" name="creatingOrg_Test" time="8.64"/>
  <testcase classname="baseUtility.BaseTest" name="@AfterSuite itsAfterSuite" time="0.0">
    <ignored/>
  </testcase> <!-- @AfterSuite itsAfterSuite -->
  <testcase classname="testCases.SimpleTestCase_Test" name="show2_Test" time="0.0">
    <ignored/>
  </testcase> <!-- show2_Test -->
  <testcase classname="testCases.SimpleTestCase_Test" name="show1_Test" time="0.0">
    <ignored/>
  </testcase> <!-- show1_Test -->
  <testcase classname="baseUtility.BaseTest" name="@BeforeSuite itsBeforeSuite" time="0.0">
    <ignored/>
  </testcase> <!-- @BeforeSuite itsBeforeSuite -->
</testsuite> <!-- Test -->
